<?xml version="1.0" encoding="UTF-8"?>
<!-- Generated by org.testng.reporters.JUnitReportReporter -->
<testsuite hostname="AASHU-DESKTOP1" failures="0" tests="1" name="TestCaseDemo.TestdataFromExcel" time="10.141" errors="0" timestamp="2025-03-11T09:34:56 IST" skipped="0">
  <testcase classname="TestCaseDemo.TestdataFromExcel" name="Testloginbutton" time="10.141"/>
</testsuite> <!-- TestCaseDemo.TestdataFromExcel -->
