<?xml version="1.0" encoding="UTF-8"?>
<!-- Generated by org.testng.reporters.JUnitReportReporter -->
<testsuite hostname="AASHU-DESKTOP1" failures="0" tests="1" name="TestCaseDemo.Test1" time="18.829" errors="0" timestamp="2025-03-11T09:34:56 IST" skipped="0">
  <testcase classname="TestCaseDemo.Test1" name="Title" time="18.829"/>
</testsuite> <!-- TestCaseDemo.Test1 -->
